Copyright 1986-2016 Xilinx, Inc. All Rights Reserved.
--------------------------------------------------------------------------------------------------
| Tool Version      : Vivado v.2016.2 (lin64) Build 1577090 Thu Jun  2 16:32:35 MDT 2016
| Date              : Tue Dec  4 17:52:59 2018
| Host              : eecs-digital-19 running 64-bit Ubuntu 14.04.5 LTS
| Command           : report_clock_utilization -file nexys4_fft_demo_clock_utilization_routed.rpt
| Design            : nexys4_fft_demo
| Device            : 7a100t-csg324
| Speed File        : -3  PRODUCTION 1.14 2014-09-11
| Temperature Grade : C
--------------------------------------------------------------------------------------------------

Clock Utilization Report

Table of Contents
-----------------
1. Clock Primitive Utilization
2. Global Clock Resources
3. Global Clock Source Details
4. Local Clock Details
5. Clock Regions: Key Resource Utilization
6. Clock Regions : Global Clock Summary
7. Cell Type Counts per Global Clock: Region X0Y1
8. Cell Type Counts per Global Clock: Region X1Y1
9. Cell Type Counts per Global Clock: Region X0Y2
10. Cell Type Counts per Global Clock: Region X1Y2
11. Cell Type Counts per Global Clock: Region X0Y3
12. Cell Type Counts per Global Clock: Region X1Y3
13. Load Cell Placement Summary for Global Clock g0
14. Load Cell Placement Summary for Global Clock g1
15. Load Cell Placement Summary for Global Clock g2
16. Load Cell Placement Summary for Global Clock g3
17. Load Cell Placement Summary for Global Clock g4
18. Load Cell Placement Summary for Global Clock g5

1. Clock Primitive Utilization
------------------------------

+----------+------+-----------+-----+--------------+--------+
| Type     | Used | Available | LOC | Clock Region | Pblock |
+----------+------+-----------+-----+--------------+--------+
| BUFGCTRL |    6 |        32 |   0 |            0 |      0 |
| BUFH     |    0 |        96 |   0 |            0 |      0 |
| BUFIO    |    0 |        24 |   0 |            0 |      0 |
| BUFMR    |    0 |        12 |   0 |            0 |      0 |
| BUFR     |    0 |        24 |   0 |            0 |      0 |
| MMCM     |    1 |         6 |   0 |            0 |      0 |
| PLL      |    0 |         6 |   0 |            0 |      0 |
+----------+------+-----------+-----+--------------+--------+


2. Global Clock Resources
-------------------------

+-------+-------+-----------------+------------+----------------+--------------+------+-------------------+---------------+-------------+-----------------+--------------+---------------------------------------------------------------------+-----------------------------------------------+--------------------------------------+
| GlbID | SrcId | Driver Type/Pin | Constraint | Site           | Clock Region | Root | Clock Delay Group | Clock Regions | Clock Loads | Non-Clock Loads | Clock Period | Clock                                                               | Driver Pin                                    | Net                                  |
+-------+-------+-----------------+------------+----------------+--------------+------+-------------------+---------------+-------------+-----------------+--------------+---------------------------------------------------------------------+-----------------------------------------------+--------------------------------------+
| g0    | src0  | BUFG/O          | None       | BUFGCTRL_X0Y16 | n/a          |      |                   |             4 |        8548 |               4 |        9.615 | Multiple                                                            | clockgen/inst/clkout1_buf/O                   | clockgen/inst/clk_out1               |
| g1    | src0  | BUFG/O          | None       | BUFGCTRL_X0Y17 | n/a          |      |                   |             4 |        4799 |               0 |        4.808 | Multiple                                                            | clockgen/inst/clkout3_buf/O                   | clockgen/inst/clk_out3               |
| g2    | src1  | BUFG/O          | None       | BUFGCTRL_X0Y0  | n/a          |      |                   |             3 |         269 |               0 |       30.000 | dbg_hub/inst/N_EXT_BSCAN.bscan_inst/SERIES7_BSCAN.bscan_inst/DRCK   | dbg_hub/inst/N_EXT_BSCAN.u_bufg_icon/O        | dbg_hub/inst/idrck                   |
| g3    | src0  | BUFG/O          | None       | BUFGCTRL_X0Y18 | n/a          |      |                   |             2 |          90 |               0 |       15.385 | Multiple                                                            | clockgen/inst/clkout2_buf/O                   | clockgen/inst/clk_out2               |
| g4    | src0  | BUFG/O          | None       | BUFGCTRL_X0Y19 | n/a          |      |                   |             1 |           1 |               0 |       50.000 | Multiple                                                            | clockgen/inst/clkf_buf/O                      | clockgen/inst/clkfbout_buf_clk_wiz_0 |
| g5    | src1  | BUFG/O          | None       | BUFGCTRL_X0Y1  | n/a          |      |                   |             1 |           1 |               0 |       60.000 | dbg_hub/inst/N_EXT_BSCAN.bscan_inst/SERIES7_BSCAN.bscan_inst/UPDATE | dbg_hub/inst/N_EXT_BSCAN.u_bufg_icon_update/O | dbg_hub/inst/UPDATE_temp             |
+-------+-------+-----------------+------------+----------------+--------------+------+-------------------+---------------+-------------+-----------------+--------------+---------------------------------------------------------------------+-----------------------------------------------+--------------------------------------+
* Note: Multiple constraint types applied to the driver. Please check for potential conflicts.


3. Global Clock Source Details
------------------------------

+-------+--------+---------------------+------------+-----------------+--------------+-------------+-----------------+---------------------+---------------------------------------------------------------------+---------------------------------------------------------------------+--------------------------------------------+
| SrcID | GlbIDs | Driver Type/Pin     | Constraint | Site            | Clock Region | Clock Loads | Non-Clock Loads | Source Clock Period | Source Clock                                                        | Driver Pin                                                          | Net                                        |
+-------+--------+---------------------+------------+-----------------+--------------+-------------+-----------------+---------------------+---------------------------------------------------------------------+---------------------------------------------------------------------+--------------------------------------------+
| src0  | g0     | MMCME2_ADV/CLKOUT0  | None       | MMCME2_ADV_X1Y2 | X1Y2         |           0 |               1 |               9.615 | Multiple                                                            | clockgen/inst/mmcm_adv_inst/CLKOUT0                                 | clockgen/inst/clk_out1_clk_wiz_0           |
| src0  | g3     | MMCME2_ADV/CLKOUT1  | None       | MMCME2_ADV_X1Y2 | X1Y2         |           0 |               1 |              15.385 | Multiple                                                            | clockgen/inst/mmcm_adv_inst/CLKOUT1                                 | clockgen/inst/clk_out2_clk_wiz_0           |
| src0  | g1     | MMCME2_ADV/CLKOUT2  | None       | MMCME2_ADV_X1Y2 | X1Y2         |           0 |               1 |               4.808 | Multiple                                                            | clockgen/inst/mmcm_adv_inst/CLKOUT2                                 | clockgen/inst/clk_out3_clk_wiz_0           |
| src0  | g4     | MMCME2_ADV/CLKFBOUT | None       | MMCME2_ADV_X1Y2 | X1Y2         |           0 |               1 |              50.000 | Multiple                                                            | clockgen/inst/mmcm_adv_inst/CLKFBOUT                                | clockgen/inst/clkfbout_clk_wiz_0           |
| src1  | g2     | BSCANE2/DRCK        | None       | BSCAN_X0Y0      | X0Y1         |           0 |               1 |              30.000 | dbg_hub/inst/N_EXT_BSCAN.bscan_inst/SERIES7_BSCAN.bscan_inst/DRCK   | dbg_hub/inst/N_EXT_BSCAN.bscan_inst/SERIES7_BSCAN.bscan_inst/DRCK   | dbg_hub/inst/N_EXT_BSCAN.bscan_inst/DRCK   |
| src1  | g5     | BSCANE2/UPDATE      | None       | BSCAN_X0Y0      | X0Y1         |           0 |               1 |              60.000 | dbg_hub/inst/N_EXT_BSCAN.bscan_inst/SERIES7_BSCAN.bscan_inst/UPDATE | dbg_hub/inst/N_EXT_BSCAN.bscan_inst/SERIES7_BSCAN.bscan_inst/UPDATE | dbg_hub/inst/N_EXT_BSCAN.bscan_inst/UPDATE |
+-------+--------+---------------------+------------+-----------------+--------------+-------------+-----------------+---------------------+---------------------------------------------------------------------+---------------------------------------------------------------------+--------------------------------------------+
* Note: Multiple constraint types applied to the driver. Please check for potential conflicts.


4. Local Clock Details
----------------------

+-------+-----------------+------------+----------+--------------+-------------+-----------------+--------------+-------+------------+-----+
| LocId | Driver Type/Pin | Constraint | Site/BEL | Clock Region | Clock Loads | Non-Clock Loads | Clock Period | Clock | Driver Pin | Net |
+-------+-----------------+------------+----------+--------------+-------------+-----------------+--------------+-------+------------+-----+
* Note: Multiple constraint types applied to the driver. Please check for potential conflicts.


5. Clock Regions: Key Resource Utilization
------------------------------------------

+-------------------+--------------+--------------+--------------+--------------+--------------+--------------+--------------+--------------+--------------+--------------+--------------+--------------+--------------+--------------+--------------+
|                   | Global Clock |     BUFRs    |    BUFMRs    |    BUFIOs    |     MMCM     |      PLL     |      GT      |      PCI     |    ILOGIC    |    OLOGIC    |      FF      |     LUTM     |    RAMB18    |    RAMB36    |    DSP48E2   |
+-------------------+------+-------+------+-------+------+-------+------+-------+------+-------+------+-------+------+-------+------+-------+------+-------+------+-------+------+-------+------+-------+------+-------+------+-------+------+-------+
| Clock Region Name | Used | Avail | Used | Avail | Used | Avail | Used | Avail | Used | Avail | Used | Avail | Used | Avail | Used | Avail | Used | Avail | Used | Avail | Used | Avail | Used | Avail | Used | Avail | Used | Avail | Used | Avail |
+-------------------+------+-------+------+-------+------+-------+------+-------+------+-------+------+-------+------+-------+------+-------+------+-------+------+-------+------+-------+------+-------+------+-------+------+-------+------+-------+
| X0Y0              |    0 |    12 |    0 |     4 |    0 |     2 |    0 |     4 |    0 |     1 |    0 |     1 |    0 |     0 |    0 |     0 |    0 |    50 |    0 |    50 |    0 | 20800 |    0 |  2400 |    0 |     0 |    0 |    10 |    0 |    20 |
| X1Y0              |    0 |    12 |    0 |     0 |    0 |     0 |    0 |     0 |    0 |     0 |    0 |     0 |    0 |     5 |    0 |     0 |    0 |     0 |    0 |     0 |    0 | 12000 |    0 |  2200 |    0 |     0 |    0 |    20 |    0 |    40 |
| X0Y1              |    2 |    12 |    0 |     4 |    0 |     2 |    0 |     4 |    0 |     1 |    0 |     1 |    0 |     0 |    0 |     0 |    0 |    50 |    0 |    50 | 2146 | 16000 |  182 |  2400 |    0 |     0 |    0 |    10 |    6 |    20 |
| X1Y1              |    1 |    12 |    0 |     4 |    0 |     2 |    0 |     4 |    0 |     1 |    0 |     1 |    0 |     0 |    0 |     0 |    0 |    50 |    0 |    50 | 1399 | 15200 |  106 |  2600 |    0 |     0 |    0 |    30 |    9 |    40 |
| X0Y2              |    4 |    12 |    0 |     4 |    0 |     2 |    0 |     4 |    0 |     1 |    0 |     1 |    0 |     0 |    0 |     0 |    0 |    50 |    0 |    50 | 2286 | 16000 |  293 |  2400 |    0 |     0 |    0 |    10 |    2 |    20 |
| X1Y2              |    3 |    12 |    0 |     4 |    0 |     2 |    0 |     4 |    1 |     1 |    0 |     1 |    0 |     0 |    0 |     0 |    0 |    50 |    0 |    50 |  792 | 15200 |  106 |  2600 |    0 |     0 |    6 |    30 |    0 |    40 |
| X0Y3              |    3 |    12 |    0 |     4 |    0 |     2 |    0 |     4 |    0 |     1 |    0 |     1 |    0 |     0 |    0 |     0 |    0 |    50 |    0 |    50 | 1730 | 20800 |  314 |  2400 |    0 |     0 |    0 |    10 |    0 |    20 |
| X1Y3              |    2 |    12 |    0 |     0 |    0 |     0 |    0 |     0 |    0 |     0 |    0 |     0 |    0 |     5 |    0 |     0 |    0 |     0 |    0 |     0 |  289 | 10800 |   33 |  2000 |    0 |     0 |    0 |    15 |    0 |    40 |
+-------------------+------+-------+------+-------+------+-------+------+-------+------+-------+------+-------+------+-------+------+-------+------+-------+------+-------+------+-------+------+-------+------+-------+------+-------+------+-------+
* Used Global Clocks includes only global clock resources based on load placement but does not consider global clock resources used to traverse a clock region. Therefore the actual total of Used Global Clocks may be higher.
** RAMB36 site can be used as two RAMB18/FIFO18 sites.


6. Clock Regions : Global Clock Summary
---------------------------------------

+----+----+----+
|    | X0 | X1 |
+----+----+----+
| Y3 |  3 |  2 |
| Y2 |  4 |  3 |
| Y1 |  2 |  1 |
| Y0 |  0 |  0 |
+----+----+----+
* Used Global Clocks includes only global clock resources based on load placement but does not consider global clock resources used to traverse a clock region. Therefore the actual total of Used Global Clocks may be higher.


7. Cell Type Counts per Global Clock: Region X0Y1
-------------------------------------------------

+-------+-------+-----------------+------------+-------------+-----------------+------+--------+------+-----+----+------+-----+---------+------------------------+
| GlbID | Track | Driver Type/Pin | Constraint | Clock Loads | Non-Clock Loads | FF   | LUTRAM | RAMB | DSP | GT | MMCM | PLL | Hard IP | Net                    |
+-------+-------+-----------------+------------+-------------+-----------------+------+--------+------+-----+----+------+-----+---------+------------------------+
| g0    | n/a   | BUFG/O          | None       |           0 |            2125 | 2119 |    182 |    0 |   6 |  0 |    0 |   0 |       0 | clockgen/inst/clk_out1 |
| g3    | n/a   | BUFG/O          | None       |           0 |              27 |   27 |      0 |    0 |   0 |  0 |    0 |   0 |       0 | clockgen/inst/clk_out2 |
+-------+-------+-----------------+------------+-------------+-----------------+------+--------+------+-----+----+------+-----+---------+------------------------+
* Note: Multiple constraint types applied to the driver. Please check for potential conflicts.


8. Cell Type Counts per Global Clock: Region X1Y1
-------------------------------------------------

+-------+-------+-----------------+------------+-------------+-----------------+------+--------+------+-----+----+------+-----+---------+------------------------+
| GlbID | Track | Driver Type/Pin | Constraint | Clock Loads | Non-Clock Loads | FF   | LUTRAM | RAMB | DSP | GT | MMCM | PLL | Hard IP | Net                    |
+-------+-------+-----------------+------------+-------------+-----------------+------+--------+------+-----+----+------+-----+---------+------------------------+
| g0    | n/a   | BUFG/O          | None       |           0 |            1417 | 1399 |    106 |    2 |   9 |  0 |    0 |   0 |       0 | clockgen/inst/clk_out1 |
+-------+-------+-----------------+------------+-------------+-----------------+------+--------+------+-----+----+------+-----+---------+------------------------+
* Note: Multiple constraint types applied to the driver. Please check for potential conflicts.


9. Cell Type Counts per Global Clock: Region X0Y2
-------------------------------------------------

+-------+-------+-----------------+------------+-------------+-----------------+------+--------+------+-----+----+------+-----+---------+------------------------+
| GlbID | Track | Driver Type/Pin | Constraint | Clock Loads | Non-Clock Loads | FF   | LUTRAM | RAMB | DSP | GT | MMCM | PLL | Hard IP | Net                    |
+-------+-------+-----------------+------------+-------------+-----------------+------+--------+------+-----+----+------+-----+---------+------------------------+
| g0    | n/a   | BUFG/O          | None       |           0 |             936 |  931 |     62 |    1 |   2 |  0 |    0 |   0 |       0 | clockgen/inst/clk_out1 |
| g1    | n/a   | BUFG/O          | None       |           0 |            1309 | 1309 |    229 |    0 |   0 |  0 |    0 |   0 |       0 | clockgen/inst/clk_out3 |
| g2    | n/a   | BUFG/O          | None       |           0 |               1 |    1 |      0 |    0 |   0 |  0 |    0 |   0 |       0 | dbg_hub/inst/idrck     |
| g3    | n/a   | BUFG/O          | None       |           0 |              47 |   46 |      3 |    1 |   0 |  0 |    0 |   0 |       0 | clockgen/inst/clk_out2 |
+-------+-------+-----------------+------------+-------------+-----------------+------+--------+------+-----+----+------+-----+---------+------------------------+
* Note: Multiple constraint types applied to the driver. Please check for potential conflicts.


10. Cell Type Counts per Global Clock: Region X1Y2
--------------------------------------------------

+-------+-------+-----------------+------------+-------------+-----------------+-----+--------+------+-----+----+------+-----+---------+--------------------------------------+
| GlbID | Track | Driver Type/Pin | Constraint | Clock Loads | Non-Clock Loads | FF  | LUTRAM | RAMB | DSP | GT | MMCM | PLL | Hard IP | Net                                  |
+-------+-------+-----------------+------------+-------------+-----------------+-----+--------+------+-----+----+------+-----+---------+--------------------------------------+
| g0    | n/a   | BUFG/O          | None       |           0 |             278 | 272 |     22 |    5 |   0 |  0 |    0 |   0 |       0 | clockgen/inst/clk_out1               |
| g1    | n/a   | BUFG/O          | None       |           0 |             523 | 521 |     85 |    2 |   0 |  0 |    0 |   0 |       0 | clockgen/inst/clk_out3               |
| g4    | n/a   | BUFG/O          | None       |           1 |               0 |   0 |      0 |    0 |   0 |  0 |    1 |   0 |       0 | clockgen/inst/clkfbout_buf_clk_wiz_0 |
+-------+-------+-----------------+------------+-------------+-----------------+-----+--------+------+-----+----+------+-----+---------+--------------------------------------+
* Note: Multiple constraint types applied to the driver. Please check for potential conflicts.


11. Cell Type Counts per Global Clock: Region X0Y3
--------------------------------------------------

+-------+-------+-----------------+------------+-------------+-----------------+------+--------+------+-----+----+------+-----+---------+--------------------------+
| GlbID | Track | Driver Type/Pin | Constraint | Clock Loads | Non-Clock Loads | FF   | LUTRAM | RAMB | DSP | GT | MMCM | PLL | Hard IP | Net                      |
+-------+-------+-----------------+------------+-------------+-----------------+------+--------+------+-----+----+------+-----+---------+--------------------------+
| g1    | n/a   | BUFG/O          | None       |           0 |            1608 | 1608 |    301 |    0 |   0 |  0 |    0 |   0 |       0 | clockgen/inst/clk_out3   |
| g2    | n/a   | BUFG/O          | None       |           0 |             122 |  122 |     13 |    0 |   0 |  0 |    0 |   0 |       0 | dbg_hub/inst/idrck       |
| g5    | n/a   | BUFG/O          | None       |           0 |               1 |    1 |      1 |    0 |   0 |  0 |    0 |   0 |       0 | dbg_hub/inst/UPDATE_temp |
+-------+-------+-----------------+------------+-------------+-----------------+------+--------+------+-----+----+------+-----+---------+--------------------------+
* Note: Multiple constraint types applied to the driver. Please check for potential conflicts.


12. Cell Type Counts per Global Clock: Region X1Y3
--------------------------------------------------

+-------+-------+-----------------+------------+-------------+-----------------+-----+--------+------+-----+----+------+-----+---------+------------------------+
| GlbID | Track | Driver Type/Pin | Constraint | Clock Loads | Non-Clock Loads | FF  | LUTRAM | RAMB | DSP | GT | MMCM | PLL | Hard IP | Net                    |
+-------+-------+-----------------+------------+-------------+-----------------+-----+--------+------+-----+----+------+-----+---------+------------------------+
| g1    | n/a   | BUFG/O          | None       |           0 |             220 | 220 |     30 |    0 |   0 |  0 |    0 |   0 |       0 | clockgen/inst/clk_out3 |
| g2    | n/a   | BUFG/O          | None       |           0 |              71 |  71 |      5 |    0 |   0 |  0 |    0 |   0 |       0 | dbg_hub/inst/idrck     |
+-------+-------+-----------------+------------+-------------+-----------------+-----+--------+------+-----+----+------+-----+---------+------------------------+
* Note: Multiple constraint types applied to the driver. Please check for potential conflicts.


13. Load Cell Placement Summary for Global Clock g0
---------------------------------------------------

+-------+-----------------+-------------------+----------+-------------+---------------+----------+-------------+----------+-------------+----+------------------------+
| GlbID | Driver Type/Pin | Driver Region (D) | Clock    | Period (ns) | Waveform (ns) | Root (R) | Slice Loads | IO Loads | Clock Loads | GT | Net                    |
+-------+-----------------+-------------------+----------+-------------+---------------+----------+-------------+----------+-------------+----+------------------------+
| g0    | BUFG/O          | n/a               | Multiple |       9.615 | {0.000 4.808} |          |        4756 |        0 |           0 |  0 | clockgen/inst/clk_out1 |
+-------+-----------------+-------------------+----------+-------------+---------------+----------+-------------+----------+-------------+----+------------------------+


+----+-------+-------+
|    | X0    | X1    |
+----+-------+-------+
| Y3 |     0 |     0 |
| Y2 |   936 |   278 |
| Y1 |  2125 |  1417 |
| Y0 |     0 |     0 |
+----+-------+-------+


14. Load Cell Placement Summary for Global Clock g1
---------------------------------------------------

+-------+-----------------+-------------------+----------+-------------+---------------+----------+-------------+----------+-------------+----+------------------------+
| GlbID | Driver Type/Pin | Driver Region (D) | Clock    | Period (ns) | Waveform (ns) | Root (R) | Slice Loads | IO Loads | Clock Loads | GT | Net                    |
+-------+-----------------+-------------------+----------+-------------+---------------+----------+-------------+----------+-------------+----+------------------------+
| g1    | BUFG/O          | n/a               | Multiple |       4.808 | {0.000 2.404} |          |        3660 |        0 |           0 |  0 | clockgen/inst/clk_out3 |
+-------+-----------------+-------------------+----------+-------------+---------------+----------+-------------+----------+-------------+----+------------------------+


+----+-------+------+
|    | X0    | X1   |
+----+-------+------+
| Y3 |  1608 |  220 |
| Y2 |  1309 |  523 |
| Y1 |     0 |    0 |
| Y0 |     0 |    0 |
+----+-------+------+


15. Load Cell Placement Summary for Global Clock g2
---------------------------------------------------

+-------+-----------------+-------------------+-------------------------------------------------------------------+-------------+----------------+----------+-------------+----------+-------------+----+--------------------+
| GlbID | Driver Type/Pin | Driver Region (D) | Clock                                                             | Period (ns) | Waveform (ns)  | Root (R) | Slice Loads | IO Loads | Clock Loads | GT | Net                |
+-------+-----------------+-------------------+-------------------------------------------------------------------+-------------+----------------+----------+-------------+----------+-------------+----+--------------------+
| g2    | BUFG/O          | n/a               | dbg_hub/inst/N_EXT_BSCAN.bscan_inst/SERIES7_BSCAN.bscan_inst/DRCK |      30.000 | {0.000 15.000} |          |         194 |        0 |           0 |  0 | dbg_hub/inst/idrck |
+-------+-----------------+-------------------+-------------------------------------------------------------------+-------------+----------------+----------+-------------+----------+-------------+----+--------------------+


+----+------+-----+
|    | X0   | X1  |
+----+------+-----+
| Y3 |  122 |  71 |
| Y2 |    1 |   0 |
| Y1 |    0 |   0 |
| Y0 |    0 |   0 |
+----+------+-----+


16. Load Cell Placement Summary for Global Clock g3
---------------------------------------------------

+-------+-----------------+-------------------+----------+-------------+---------------+----------+-------------+----------+-------------+----+------------------------+
| GlbID | Driver Type/Pin | Driver Region (D) | Clock    | Period (ns) | Waveform (ns) | Root (R) | Slice Loads | IO Loads | Clock Loads | GT | Net                    |
+-------+-----------------+-------------------+----------+-------------+---------------+----------+-------------+----------+-------------+----+------------------------+
| g3    | BUFG/O          | n/a               | Multiple |      15.385 | {0.000 7.692} |          |          74 |        0 |           0 |  0 | clockgen/inst/clk_out2 |
+-------+-----------------+-------------------+----------+-------------+---------------+----------+-------------+----------+-------------+----+------------------------+


+----+-----+----+
|    | X0  | X1 |
+----+-----+----+
| Y3 |   0 |  0 |
| Y2 |  47 |  0 |
| Y1 |  27 |  0 |
| Y0 |   0 |  0 |
+----+-----+----+


17. Load Cell Placement Summary for Global Clock g4
---------------------------------------------------

+-------+-----------------+-------------------+----------+-------------+----------------+----------+-------------+----------+-------------+----+--------------------------------------+
| GlbID | Driver Type/Pin | Driver Region (D) | Clock    | Period (ns) | Waveform (ns)  | Root (R) | Slice Loads | IO Loads | Clock Loads | GT | Net                                  |
+-------+-----------------+-------------------+----------+-------------+----------------+----------+-------------+----------+-------------+----+--------------------------------------+
| g4    | BUFG/O          | n/a               | Multiple |      50.000 | {0.000 25.000} |          |           0 |        0 |           1 |  0 | clockgen/inst/clkfbout_buf_clk_wiz_0 |
+-------+-----------------+-------------------+----------+-------------+----------------+----------+-------------+----------+-------------+----+--------------------------------------+


+----+----+----+
|    | X0 | X1 |
+----+----+----+
| Y3 |  0 |  0 |
| Y2 |  0 |  1 |
| Y1 |  0 |  0 |
| Y0 |  0 |  0 |
+----+----+----+


18. Load Cell Placement Summary for Global Clock g5
---------------------------------------------------

+-------+-----------------+-------------------+---------------------------------------------------------------------+-------------+----------------+----------+-------------+----------+-------------+----+--------------------------+
| GlbID | Driver Type/Pin | Driver Region (D) | Clock                                                               | Period (ns) | Waveform (ns)  | Root (R) | Slice Loads | IO Loads | Clock Loads | GT | Net                      |
+-------+-----------------+-------------------+---------------------------------------------------------------------+-------------+----------------+----------+-------------+----------+-------------+----+--------------------------+
| g5    | BUFG/O          | n/a               | dbg_hub/inst/N_EXT_BSCAN.bscan_inst/SERIES7_BSCAN.bscan_inst/UPDATE |      60.000 | {0.000 30.000} |          |           1 |        0 |           0 |  0 | dbg_hub/inst/UPDATE_temp |
+-------+-----------------+-------------------+---------------------------------------------------------------------+-------------+----------------+----------+-------------+----------+-------------+----+--------------------------+


+----+----+----+
|    | X0 | X1 |
+----+----+----+
| Y3 |  1 |  0 |
| Y2 |  0 |  0 |
| Y1 |  0 |  0 |
| Y0 |  0 |  0 |
+----+----+----+



# Location of BUFG Primitives 
set_property LOC BUFGCTRL_X0Y0 [get_cells dbg_hub/inst/N_EXT_BSCAN.u_bufg_icon]
set_property LOC BUFGCTRL_X0Y1 [get_cells dbg_hub/inst/N_EXT_BSCAN.u_bufg_icon_update]
set_property LOC BUFGCTRL_X0Y19 [get_cells clockgen/inst/clkf_buf]
set_property LOC BUFGCTRL_X0Y17 [get_cells clockgen/inst/clkout3_buf]
set_property LOC BUFGCTRL_X0Y18 [get_cells clockgen/inst/clkout2_buf]
set_property LOC BUFGCTRL_X0Y16 [get_cells clockgen/inst/clkout1_buf]

# Location of IO Primitives which is load of clock spine

# Location of clock ports
set_property LOC IOB_X1Y126 [get_ports CLK100MHZ]

# Clock net "dbg_hub/inst/idrck" driven by instance "dbg_hub/inst/N_EXT_BSCAN.u_bufg_icon" located at site "BUFGCTRL_X0Y0"
#startgroup
create_pblock {CLKAG_dbg_hub/inst/idrck}
add_cells_to_pblock [get_pblocks  {CLKAG_dbg_hub/inst/idrck}] [get_cells -filter { PRIMITIVE_GROUP != I/O && IS_PRIMITIVE==1 && PRIMITIVE_LEVEL !=INTERNAL } -of_object [get_pins -filter {DIRECTION==IN} -of_objects [get_nets -hierarchical -filter {PARENT=="dbg_hub/inst/idrck"}]]]
resize_pblock [get_pblocks {CLKAG_dbg_hub/inst/idrck}] -add {CLOCKREGION_X0Y2:CLOCKREGION_X0Y2 CLOCKREGION_X0Y3:CLOCKREGION_X0Y3 CLOCKREGION_X1Y3:CLOCKREGION_X1Y3}
#endgroup

# Clock net "clockgen/inst/clk_out3" driven by instance "clockgen/inst/clkout3_buf" located at site "BUFGCTRL_X0Y17"
#startgroup
create_pblock {CLKAG_clockgen/inst/clk_out3}
add_cells_to_pblock [get_pblocks  {CLKAG_clockgen/inst/clk_out3}] [get_cells -filter { PRIMITIVE_GROUP != I/O && IS_PRIMITIVE==1 && PRIMITIVE_LEVEL !=INTERNAL } -of_object [get_pins -filter {DIRECTION==IN} -of_objects [get_nets -hierarchical -filter {PARENT=="clockgen/inst/clk_out3"}]]]
resize_pblock [get_pblocks {CLKAG_clockgen/inst/clk_out3}] -add {CLOCKREGION_X0Y2:CLOCKREGION_X0Y2 CLOCKREGION_X0Y3:CLOCKREGION_X0Y3 CLOCKREGION_X1Y2:CLOCKREGION_X1Y2 CLOCKREGION_X1Y3:CLOCKREGION_X1Y3}
#endgroup

# Clock net "clockgen/inst/clk_out2" driven by instance "clockgen/inst/clkout2_buf" located at site "BUFGCTRL_X0Y18"
#startgroup
create_pblock {CLKAG_clockgen/inst/clk_out2}
add_cells_to_pblock [get_pblocks  {CLKAG_clockgen/inst/clk_out2}] [get_cells -filter { PRIMITIVE_GROUP != I/O && IS_PRIMITIVE==1 && PRIMITIVE_LEVEL !=INTERNAL } -of_object [get_pins -filter {DIRECTION==IN} -of_objects [get_nets -hierarchical -filter {PARENT=="clockgen/inst/clk_out2"}]]]
resize_pblock [get_pblocks {CLKAG_clockgen/inst/clk_out2}] -add {CLOCKREGION_X0Y1:CLOCKREGION_X0Y1 CLOCKREGION_X0Y2:CLOCKREGION_X0Y2}
#endgroup

# Clock net "clockgen/inst/clk_out1" driven by instance "clockgen/inst/clkout1_buf" located at site "BUFGCTRL_X0Y16"
#startgroup
create_pblock {CLKAG_clockgen/inst/clk_out1}
add_cells_to_pblock [get_pblocks  {CLKAG_clockgen/inst/clk_out1}] [get_cells -filter { PRIMITIVE_GROUP != I/O && IS_PRIMITIVE==1 && PRIMITIVE_LEVEL !=INTERNAL } -of_object [get_pins -filter {DIRECTION==IN} -of_objects [get_nets -hierarchical -filter {PARENT=="clockgen/inst/clk_out1"}]]]
resize_pblock [get_pblocks {CLKAG_clockgen/inst/clk_out1}] -add {CLOCKREGION_X0Y1:CLOCKREGION_X0Y1 CLOCKREGION_X0Y2:CLOCKREGION_X0Y2 CLOCKREGION_X1Y1:CLOCKREGION_X1Y1 CLOCKREGION_X1Y2:CLOCKREGION_X1Y2}
#endgroup
